[debug] [2023-12-20T14:12:37.010Z] ----------------------------------------------------------------------
[debug] [2023-12-20T14:12:37.011Z] Command:       /usr/local/bin/node /usr/local/bin/firebase init hosting
[debug] [2023-12-20T14:12:37.011Z] CLI Version:   12.5.2
[debug] [2023-12-20T14:12:37.011Z] Platform:      darwin
[debug] [2023-12-20T14:12:37.012Z] Node Version:  v18.18.0
[debug] [2023-12-20T14:12:37.016Z] Time:          Wed Dec 20 2023 11:12:37 GMT-0300 (hora estándar de Argentina)
[debug] [2023-12-20T14:12:37.016Z] ----------------------------------------------------------------------
[debug] 
[debug] [2023-12-20T14:12:37.051Z] > command requires scopes: ["email","openid","https://www.googleapis.com/auth/cloudplatformprojects.readonly","https://www.googleapis.com/auth/firebase","https://www.googleapis.com/auth/cloud-platform"]
[debug] [2023-12-20T14:12:37.051Z] > authorizing via signed-in user (events.fire.img@gmail.com)
[info] 
     ######## #### ########  ######## ########     ###     ######  ########
     ##        ##  ##     ## ##       ##     ##  ##   ##  ##       ##
     ######    ##  ########  ######   ########  #########  ######  ######
     ##        ##  ##    ##  ##       ##     ## ##     ##       ## ##
     ##       #### ##     ## ######## ########  ##     ##  ######  ########

You're about to initialize a Firebase project in this directory:

  /Users/misaeltevez/Desktop/IMG TAILWIND/XtremeTalent/xtra-talent

Before we get started, keep in mind:

  * You are initializing within an existing Firebase project directory

[info] 
=== Project Setup
[info] 
[info] First, let's associate this project directory with a Firebase project.
[info] You can create multiple project aliases by running firebase use --add, 
[info] but for now we'll just set up a default project.
[info] 
[debug] [2023-12-20T14:12:37.053Z] Using project from CLI flag: xtra-talent
[debug] [2023-12-20T14:12:37.054Z] >>> [apiv2][query] GET https://firebase.googleapis.com/v1beta1/projects/xtra-talent [none]
[debug] [2023-12-20T14:12:37.485Z] <<< [apiv2][status] GET https://firebase.googleapis.com/v1beta1/projects/xtra-talent 200
[debug] [2023-12-20T14:12:37.485Z] <<< [apiv2][body] GET https://firebase.googleapis.com/v1beta1/projects/xtra-talent {"projectId":"xtra-talent","projectNumber":"204270796123","displayName":"xtra-talent","name":"projects/xtra-talent","resources":{"hostingSite":"xtra-talent"},"state":"ACTIVE","etag":"1_02b0aa23-5b5f-47d7-a1f2-70aa9fb3add8"}
[info] i  Using project xtra-talent (xtra-talent) 
[info] 
=== Hosting Setup
